
=========FILE WAS OPENED AT 12:56:23=========
********ERROR********
In SPU/source/spu_struct.cpp(9) called from SPU/source/spu_struct.cpp(106) in function: ProcessorError
*********************
=========FILE WAS CLOSED AT 12:56:23=========
=========FILE WAS OPENED AT 12:56:23=========
********ERROR********
In SPU/source/spu_struct.cpp(9) called from SPU/source/spu_struct.cpp(106) in function: ProcessorError
*********************
=========FILE WAS CLOSED AT 12:56:23=========
=========FILE WAS OPENED AT 12:56:23=========
********ERROR********
In SPU/source/spu_struct.cpp(9) called from SPU/source/spu_struct.cpp(106) in function: ProcessorError
*********************
=========FILE WAS CLOSED AT 12:56:23=========
=========FILE WAS OPENED AT 12:56:23=========
********ERROR********
In SPU/source/spu_struct.cpp(9) called from SPU/source/spu_struct.cpp(106) in function: ProcessorError
*********************
=========FILE WAS CLOSED AT 12:56:23=========
=========FILE WAS OPENED AT 12:56:23=========
********ERROR********
In SPU/source/spu_struct.cpp(9) called from SPU/source/spu_struct.cpp(106) in function: ProcessorError
*********************
=========FILE WAS CLOSED AT 12:56:23=========
=========FILE WAS OPENED AT 12:56:23=========
********ERROR********
In SPU/source/spu_struct.cpp(9) called from SPU/source/spu_struct.cpp(106) in function: ProcessorError
*********************
=========FILE WAS CLOSED AT 12:56:23=========
=========FILE WAS OPENED AT 12:56:23=========
********ERROR********
In SPU/source/spu_struct.cpp(9) called from SPU/source/spu_struct.cpp(106) in function: ProcessorError
*********************
=========FILE WAS CLOSED AT 12:56:23=========
=========FILE WAS OPENED AT 12:56:23=========
********ERROR********
In SPU/source/spu_struct.cpp(9) called from SPU/source/spu_struct.cpp(106) in function: ProcessorError
*********************
=========FILE WAS CLOSED AT 12:56:23=========
=========FILE WAS OPENED AT 12:56:23=========
********ERROR********
In SPU/source/spu_struct.cpp(9) called from SPU/source/spu_struct.cpp(106) in function: ProcessorError
*********************
=========FILE WAS CLOSED AT 12:56:23=========
=========FILE WAS OPENED AT 12:56:23=========
********ERROR********
In SPU/source/spu_struct.cpp(9) called from SPU/source/spu_struct.cpp(106) in function: ProcessorError
*********************
=========FILE WAS CLOSED AT 12:56:23=========
=========FILE WAS OPENED AT 12:56:23=========
********ERROR********
In SPU/source/spu_struct.cpp(9) called from SPU/source/spu_struct.cpp(106) in function: ProcessorError
*********************
=========FILE WAS CLOSED AT 12:56:23=========
=========FILE WAS OPENED AT 12:56:23=========
********ERROR********
In SPU/source/spu_struct.cpp(9) called from SPU/source/spu_struct.cpp(106) in function: ProcessorError
*********************
=========FILE WAS CLOSED AT 12:56:23=========
=========FILE WAS OPENED AT 12:56:23=========
********ERROR********
In SPU/source/spu_struct.cpp(9) called from SPU/source/spu_struct.cpp(106) in function: ProcessorError
*********************
=========FILE WAS CLOSED AT 12:56:23=========
Error! Pointer to array of commands is NULL!
Error! Pointer to array of commands is NULL!
Error! Pointer to array of commands is NULL!
